<?xml version="1.0" encoding="UTF-8"?>
<!-- Generated by org.testng.reporters.JUnitReportReporter -->
<testsuite hostname="Meena" failures="0" tests="1" name="AustralianCustomer.Camilla" time="81.928" errors="0" timestamp="2023-07-28T15:40:54 IST" skipped="0">
  <testcase classname="AustralianCustomer.Camilla" name="camillatest" time="81.928"/>
  <system-out>
    <![CDATA[opening, camilla]]>
  </system-out>
</testsuite> <!-- AustralianCustomer.Camilla -->
