<?xml version="1.0" encoding="UTF-8"?>
<!-- Generated by org.testng.reporters.JUnitReportReporter -->
<testsuite hostname="Meena" failures="0" tests="1" name="AustralianCustomer.Tutudumonde" time="67.539" errors="0" timestamp="2023-07-28T15:40:54 IST" skipped="0">
  <testcase classname="AustralianCustomer.Tutudumonde" name="tutudumonde" time="67.539"/>
  <system-out>
    <![CDATA[opening, tutudumonde]]>
  </system-out>
</testsuite> <!-- AustralianCustomer.Tutudumonde -->
