<?xml version="1.0" encoding="UTF-8"?>
<!-- Generated by org.testng.reporters.JUnitReportReporter -->
<testsuite hostname="Meena" failures="0" tests="1" name="AustralianCustomer.Alivia" time="44.175" errors="0" timestamp="2023-07-28T15:40:54 IST" skipped="0">
  <testcase classname="AustralianCustomer.Alivia" name="aliviatest" time="44.175"/>
  <system-out>
    <![CDATA[opening, alivia]]>
  </system-out>
</testsuite> <!-- AustralianCustomer.Alivia -->
